Microsoft HTML Help Compiler 4.74.8702

Compiling e:\Nikki\Obi\Obi Help\Project\Obi Help\Obi Help.chm


Compile time: 0 minutes, 8 seconds
200	Topics
1,404	Local links
22	Internet links
48	Graphics


Created e:\Nikki\Obi\Obi Help\Project\Obi Help\Obi Help.chm, 1,037,815 bytes
Compression decreased file by 5,151,492 bytes.
Microsoft HTML Help Compiler 4.74.8702

Compiling e:\Nikki\Obi\Obi Help\Project\Obi Help\Obi Help.chm


Compile time: 0 minutes, 8 seconds
200	Topics
1,404	Local links
22	Internet links
48	Graphics


Created e:\Nikki\Obi\Obi Help\Project\Obi Help\Obi Help.chm, 1,038,527 bytes
Compression decreased file by 5,150,498 bytes.
Microsoft HTML Help Compiler 4.74.8702

Compiling e:\Nikki\Obi\Obi Help\Project\Obi Help\Obi Help.chm


Compile time: 0 minutes, 8 seconds
200	Topics
1,404	Local links
22	Internet links
48	Graphics


Created e:\Nikki\Obi\Obi Help\Project\Obi Help\Obi Help.chm, 1,042,311 bytes
Compression decreased file by 5,128,375 bytes.
Microsoft HTML Help Compiler 4.74.8702

Compiling e:\Nikki\Obi\Obi Help\Project\Obi Help\Obi Help.chm


Compile time: 0 minutes, 8 seconds
200	Topics
1,404	Local links
22	Internet links
48	Graphics


Created e:\Nikki\Obi\Obi Help\Project\Obi Help\Obi Help.chm, 1,042,097 bytes
Compression decreased file by 5,130,762 bytes.
Microsoft HTML Help Compiler 4.74.8702

Compiling e:\Nikki\Obi\Obi Help\Project\Obi Help\Obi Help.chm


Compile time: 0 minutes, 9 seconds
200	Topics
1,404	Local links
22	Internet links
48	Graphics


Created e:\Nikki\Obi\Obi Help\Project\Obi Help\Obi Help.chm, 1,037,463 bytes
Compression decreased file by 5,087,929 bytes.
